Using pre-set license
Built from '2021.1/staging' branch; Version is '2021.1.22f1 (a137e5fb0427) revision 10565605'; Using compiler version '192528614'; Build Type 'Release'
OS: 'Windows 10 Pro; OS build 19043.1415; Version 2009; 64bit' Language: 'es' Physical Memory: 16317 MB
BatchMode: 1, IsHumanControllingUs: 0, StartBugReporterOnCrash: 0, Is64bit: 1, IsPro: 0

COMMAND LINE ARGUMENTS:
D:\Unitys\2021.1.22f1\Editor\Unity.exe
-adb2
-batchMode
-noUpm
-name
AssetImportWorker0
-projectPath
D:/Github/Ex4_IA/Ex4
-logFile
Logs/AssetImportWorker0.log
-srvPort
50153
Successfully changed project path to: D:/Github/Ex4_IA/Ex4
D:/Github/Ex4_IA/Ex4
Using Asset Import Pipeline V2.
Refreshing native plugins compatible for Editor in 66.36 ms, found 3 plugins.
Preloading 0 native plugins for Editor in 0.00 ms.
Initialize engine version: 2021.1.22f1 (a137e5fb0427)
[Subsystems] Discovering subsystems at path D:/Unitys/2021.1.22f1/Editor/Data/Resources/UnitySubsystems
[Subsystems] Discovering subsystems at path D:/Github/Ex4_IA/Ex4/Assets
GfxDevice: creating device client; threaded=0; jobified=0
Direct3D:
    Version:  Direct3D 11.0 [level 11.1]
    Renderer: NVIDIA GeForce GTX 1060 6GB (ID=0x1c03)
    Vendor:   NVIDIA
    VRAM:     6052 MB
    Driver:   30.0.14.7247
Initialize mono
Mono path[0] = 'D:/Unitys/2021.1.22f1/Editor/Data/Managed'
Mono path[1] = 'D:/Unitys/2021.1.22f1/Editor/Data/MonoBleedingEdge/lib/mono/unityjit'
Mono config path = 'D:/Unitys/2021.1.22f1/Editor/Data/MonoBleedingEdge/etc'
Using monoOptions --debugger-agent=transport=dt_socket,embedding=1,server=y,suspend=n,address=127.0.0.1:56580
Begin MonoManager ReloadAssembly
Registering precompiled unity dll's ...
Register platform support module: D:/Unitys/2021.1.22f1/Editor/Data/PlaybackEngines/WindowsStandaloneSupport/UnityEditor.WindowsStandalone.Extensions.dll
Registered in 0.001122 seconds.
Native extension for WindowsStandalone target not found
Refreshing native plugins compatible for Editor in 66.46 ms, found 3 plugins.
Preloading 0 native plugins for Editor in 0.00 ms.
Mono: successfully reloaded assembly
- Completed reload, in  1.174 seconds
Domain Reload Profiling:
	ReloadAssembly (1175ms)
		BeginReloadAssembly (70ms)
			ExecutionOrderSort (0ms)
			DisableScriptedObjects (0ms)
			BackupInstance (0ms)
			ReleaseScriptingObjects (0ms)
			CreateAndSetChildDomain (1ms)
		EndReloadAssembly (402ms)
			LoadAssemblies (70ms)
			RebuildTransferFunctionScriptingTraits (0ms)
			SetupTypeCache (145ms)
			ReleaseScriptCaches (0ms)
			RebuildScriptCaches (28ms)
			SetupLoadedEditorAssemblies (190ms)
				LogAssemblyErrors (0ms)
				InitializePlatformSupportModulesInManaged (5ms)
				SetLoadedEditorAssemblies (0ms)
				RefreshPlugins (67ms)
				BeforeProcessingInitializeOnLoad (1ms)
				ProcessInitializeOnLoadAttributes (88ms)
				ProcessInitializeOnLoadMethodAttributes (28ms)
				AfterProcessingInitializeOnLoad (0ms)
				EditorAssembliesLoaded (0ms)
			ExecutionOrderSort2 (0ms)
			AwakeInstancesAfterBackupRestoration (0ms)
Platform modules already initialized, skipping
Registering precompiled user dll's ...
Registered in 0.004631 seconds.
Begin MonoManager ReloadAssembly
Symbol file LoadedFromMemory doesn't match image D:\Github\Ex4_IA\Ex4\Library\PackageCache\com.unity.visualscripting@1.6.1\Editor\VisualScripting.Core\Dependencies\YamlDotNet\Unity.VisualScripting.YamlDotNet.dll
Symbol file LoadedFromMemory doesn't match image D:\Github\Ex4_IA\Ex4\Library\PackageCache\com.unity.visualscripting@1.6.1\Editor\VisualScripting.Core\Dependencies\DotNetZip\Unity.VisualScripting.IonicZip.dll
Native extension for WindowsStandalone target not found
Refreshing native plugins compatible for Editor in 0.51 ms, found 3 plugins.
Preloading 0 native plugins for Editor in 0.00 ms.
Mono: successfully reloaded assembly
- Completed reload, in  0.963 seconds
Domain Reload Profiling:
	ReloadAssembly (964ms)
		BeginReloadAssembly (152ms)
			ExecutionOrderSort (0ms)
			DisableScriptedObjects (4ms)
			BackupInstance (0ms)
			ReleaseScriptingObjects (0ms)
			CreateAndSetChildDomain (18ms)
		EndReloadAssembly (765ms)
			LoadAssemblies (105ms)
			RebuildTransferFunctionScriptingTraits (0ms)
			SetupTypeCache (298ms)
			ReleaseScriptCaches (1ms)
			RebuildScriptCaches (43ms)
			SetupLoadedEditorAssemblies (260ms)
				LogAssemblyErrors (0ms)
				InitializePlatformSupportModulesInManaged (4ms)
				SetLoadedEditorAssemblies (0ms)
				RefreshPlugins (1ms)
				BeforeProcessingInitializeOnLoad (51ms)
				ProcessInitializeOnLoadAttributes (197ms)
				ProcessInitializeOnLoadMethodAttributes (4ms)
				AfterProcessingInitializeOnLoad (2ms)
				EditorAssembliesLoaded (0ms)
			ExecutionOrderSort2 (0ms)
			AwakeInstancesAfterBackupRestoration (8ms)
Platform modules already initialized, skipping
========================================================================
Worker process is ready to serve import requests
Launched and connected shader compiler UnityShaderCompiler.exe after 0.03 seconds
Refreshing native plugins compatible for Editor in 0.58 ms, found 3 plugins.
Preloading 0 native plugins for Editor in 0.00 ms.
Unloading 2951 Unused Serialized files (Serialized files now loaded: 0)
System memory in use before: 105.8 MB.
System memory in use after: 106.0 MB.

Unloading 20 unused Assets to reduce memory usage. Loaded Objects now: 3397.
Total: 2.701100 ms (FindLiveObjects: 0.298200 ms CreateObjectMapping: 0.122900 ms MarkObjects: 2.185300 ms  DeleteObjects: 0.093500 ms)

AssetImportParameters requested are different than current active one (requested -> active):
  custom:framework-win-MediaFoundation: 216162199b28c13a410421893ffa2e32 -> 
  custom:video-decoder-ogg-theora: a1e56fd34408186e4bbccfd4996cb3dc -> 
  custom:container-muxer-webm: aa71ff27fc2769a1b78a27578f13a17b -> 
  custom:container-demuxer-webm: 4f35f7cbe854078d1ac9338744f61a02 -> 
  custom:container-demuxer-ogg: 62fdf1f143b41e24485cea50d1cbac27 -> 
  custom:video-encoder-webm-vp8: eb34c28f22e8b96e1ab97ce403110664 -> 
  custom:video-decoder-webm-vp8: 9c59270c3fd7afecdb556c50c9e8de78 -> 
  custom:audio-decoder-ogg-vorbis: bf7c407c2cedff20999df2af8eb42d56 -> 
  custom:audio-encoder-webm-vorbis: bf7c407c2cedff20999df2af8eb42d56 -> 
========================================================================
Received Import Request.
  path: Assets/Easy Primitive People
  artifactKey: Guid(4a2e31f299bda195eb19c37820cdbe55) Importer(815301076,1909f56bfc062723c751e8b465ee728b)
Start importing Assets/Easy Primitive People using Guid(4a2e31f299bda195eb19c37820cdbe55) Importer(815301076,1909f56bfc062723c751e8b465ee728b)  -> (artifact id: 'c9d1ac3b9b187e8ac0a72d712695567b') in 0.005008 seconds 
========================================================================
Received Import Request.
  Time since last request: 0.000387 seconds.
  path: Assets/LowPolyTreePack
  artifactKey: Guid(86fd7d7a59296ae49a3d3a7852c6f952) Importer(815301076,1909f56bfc062723c751e8b465ee728b)
Start importing Assets/LowPolyTreePack using Guid(86fd7d7a59296ae49a3d3a7852c6f952) Importer(815301076,1909f56bfc062723c751e8b465ee728b)  -> (artifact id: '79efdd76e3b07acfea17b01a2cfb83ad') in 0.001859 seconds 
========================================================================
Received Import Request.
  Time since last request: 1.234877 seconds.
  path: Assets/Materials
  artifactKey: Guid(df7092869b9e10c46b2488e2d5e14ce8) Importer(815301076,1909f56bfc062723c751e8b465ee728b)
Start importing Assets/Materials using Guid(df7092869b9e10c46b2488e2d5e14ce8) Importer(815301076,1909f56bfc062723c751e8b465ee728b)  -> (artifact id: '39fe454db4aef489ddf8fa569c9fc044') in 0.002717 seconds 
========================================================================
Received Import Request.
  Time since last request: 0.135185 seconds.
  path: Assets/Materials/floor.mat
  artifactKey: Guid(e9a5ab48057f4d0f7a07298f9a3eb8fd) Importer(815301076,1909f56bfc062723c751e8b465ee728b)
Start importing Assets/Materials/floor.mat using Guid(e9a5ab48057f4d0f7a07298f9a3eb8fd) Importer(815301076,1909f56bfc062723c751e8b465ee728b)  -> (artifact id: 'fd77c5663cca91a6bea64769f7e57ef5') in 0.300257 seconds 
========================================================================
Received Import Request.
  Time since last request: 0.000266 seconds.
  path: Assets/Materials/gold.mat
  artifactKey: Guid(4076d89e1cc0c65b585e767a910b1a69) Importer(815301076,1909f56bfc062723c751e8b465ee728b)
Start importing Assets/Materials/gold.mat using Guid(4076d89e1cc0c65b585e767a910b1a69) Importer(815301076,1909f56bfc062723c751e8b465ee728b)  -> (artifact id: '23630070589766dc5c4b868ce15f587a') in 0.010906 seconds 
========================================================================
Received Import Request.
  Time since last request: 1.161954 seconds.
  path: Assets/Scenes
  artifactKey: Guid(681b7dff034ad80498f99cf37869f962) Importer(815301076,1909f56bfc062723c751e8b465ee728b)
Start importing Assets/Scenes using Guid(681b7dff034ad80498f99cf37869f962) Importer(815301076,1909f56bfc062723c751e8b465ee728b)  -> (artifact id: '19ef4bc09b970bc1c376d44a6dd7ce1c') in 0.003217 seconds 
========================================================================
Received Import Request.
  Time since last request: 1.794718 seconds.
  path: Assets/Scenes/SampleScene.unity
  artifactKey: Guid(9fc0d4010bbf28b4594072e72b8655ab) Importer(815301076,1909f56bfc062723c751e8b465ee728b)
Start importing Assets/Scenes/SampleScene.unity using Guid(9fc0d4010bbf28b4594072e72b8655ab) Importer(815301076,1909f56bfc062723c751e8b465ee728b)  -> (artifact id: '85059f4f9e1a832ed95adaa0d25c5c4c') in 0.003453 seconds 
========================================================================
Received Import Request.
  Time since last request: 0.676915 seconds.
  path: Assets/Scenes/Escena.unity
  artifactKey: Guid(a6441402084fce5b1baa9e02841bb35a) Importer(815301076,1909f56bfc062723c751e8b465ee728b)
Start importing Assets/Scenes/Escena.unity using Guid(a6441402084fce5b1baa9e02841bb35a) Importer(815301076,1909f56bfc062723c751e8b465ee728b)  -> (artifact id: 'a103df04f679721eab6bc1359921e7f9') in 0.002742 seconds 
========================================================================
Received Import Request.
  Time since last request: 8.058931 seconds.
  path: Assets/Textures/Grass.png
  artifactKey: Guid(08af1318b195f958f8efff6853dca230) Importer(815301076,1909f56bfc062723c751e8b465ee728b)
Start importing Assets/Textures/Grass.png using Guid(08af1318b195f958f8efff6853dca230) Importer(815301076,1909f56bfc062723c751e8b465ee728b)  -> (artifact id: 'aeb52b59324c79da19f37b11b82de4cf') in 0.041154 seconds 
========================================================================
Received Import Request.
  Time since last request: 0.000410 seconds.
  path: Assets/Textures/Sandy Orange.png
  artifactKey: Guid(babbf685d45b7e05cbc0974f11db8dde) Importer(815301076,1909f56bfc062723c751e8b465ee728b)
Start importing Assets/Textures/Sandy Orange.png using Guid(babbf685d45b7e05cbc0974f11db8dde) Importer(815301076,1909f56bfc062723c751e8b465ee728b)  -> (artifact id: '7b8b5d9197247f8f9458ee03441af42a') in 0.007146 seconds 
========================================================================
Received Import Request.
  Time since last request: 2.549258 seconds.
  path: Assets
  artifactKey: Guid(00000000000000001000000000000000) Importer(815301076,1909f56bfc062723c751e8b465ee728b)
Start importing Assets using Guid(00000000000000001000000000000000) Importer(815301076,1909f56bfc062723c751e8b465ee728b)  -> (artifact id: '42d402b061de3733987d63b9cc3b64de') in 0.002684 seconds 
========================================================================
Received Import Request.
  Time since last request: 32.428103 seconds.
  path: Assets/SceneElements
  artifactKey: Guid(61d890bda59e53c4c9a0815398fa12ea) Importer(815301076,1909f56bfc062723c751e8b465ee728b)
Start importing Assets/SceneElements using Guid(61d890bda59e53c4c9a0815398fa12ea) Importer(815301076,1909f56bfc062723c751e8b465ee728b)  -> (artifact id: '89cb2c57710003f70ebc6a17e5bba7a8') in 0.002285 seconds 
========================================================================
Received Import Request.
  Time since last request: 7.204149 seconds.
  path: Assets/ExternalsComponents
  artifactKey: Guid(61d890bda59e53c4c9a0815398fa12ea) Importer(815301076,1909f56bfc062723c751e8b465ee728b)
Start importing Assets/ExternalsComponents using Guid(61d890bda59e53c4c9a0815398fa12ea) Importer(815301076,1909f56bfc062723c751e8b465ee728b)  -> (artifact id: '989c6d213bca0e13023b249c943d7b7a') in 0.002154 seconds 
========================================================================
Received Import Request.
  Time since last request: 6.815356 seconds.
  path: Assets/Scripts
  artifactKey: Guid(77093d64979f3d722ba92c3d8d811411) Importer(815301076,1909f56bfc062723c751e8b465ee728b)
Start importing Assets/Scripts using Guid(77093d64979f3d722ba92c3d8d811411) Importer(815301076,1909f56bfc062723c751e8b465ee728b)  -> (artifact id: '4c0bc1420fd991e04dad09bc4fb95129') in 0.002559 seconds 
========================================================================
Received Import Request.
  Time since last request: 2.558975 seconds.
  path: Assets/Textures
  artifactKey: Guid(b24fb34319ab646ad93e2fbba281f039) Importer(815301076,1909f56bfc062723c751e8b465ee728b)
Start importing Assets/Textures using Guid(b24fb34319ab646ad93e2fbba281f039) Importer(815301076,1909f56bfc062723c751e8b465ee728b)  -> (artifact id: '6b8392d23c0027764fcab4bd82e31c66') in 0.002528 seconds 
========================================================================
Received Prepare
Registering precompiled user dll's ...
Registered in 0.004038 seconds.
Begin MonoManager ReloadAssembly
Symbol file LoadedFromMemory doesn't match image D:\Github\Ex4_IA\Ex4\Library\PackageCache\com.unity.visualscripting@1.6.1\Editor\VisualScripting.Core\Dependencies\YamlDotNet\Unity.VisualScripting.YamlDotNet.dll
Symbol file LoadedFromMemory doesn't match image D:\Github\Ex4_IA\Ex4\Library\PackageCache\com.unity.visualscripting@1.6.1\Editor\VisualScripting.Core\Dependencies\DotNetZip\Unity.VisualScripting.IonicZip.dll
Native extension for WindowsStandalone target not found
Refreshing native plugins compatible for Editor in 0.49 ms, found 3 plugins.
Preloading 0 native plugins for Editor in 0.00 ms.
Mono: successfully reloaded assembly
- Completed reload, in  0.893 seconds
Domain Reload Profiling:
	ReloadAssembly (894ms)
		BeginReloadAssembly (118ms)
			ExecutionOrderSort (0ms)
			DisableScriptedObjects (4ms)
			BackupInstance (0ms)
			ReleaseScriptingObjects (0ms)
			CreateAndSetChildDomain (31ms)
		EndReloadAssembly (730ms)
			LoadAssemblies (124ms)
			RebuildTransferFunctionScriptingTraits (0ms)
			SetupTypeCache (284ms)
			ReleaseScriptCaches (1ms)
			RebuildScriptCaches (32ms)
			SetupLoadedEditorAssemblies (226ms)
				LogAssemblyErrors (0ms)
				InitializePlatformSupportModulesInManaged (4ms)
				SetLoadedEditorAssemblies (0ms)
				RefreshPlugins (1ms)
				BeforeProcessingInitializeOnLoad (36ms)
				ProcessInitializeOnLoadAttributes (179ms)
				ProcessInitializeOnLoadMethodAttributes (4ms)
				AfterProcessingInitializeOnLoad (2ms)
				EditorAssembliesLoaded (0ms)
			ExecutionOrderSort2 (0ms)
			AwakeInstancesAfterBackupRestoration (11ms)
Platform modules already initialized, skipping
Refreshing native plugins compatible for Editor in 0.51 ms, found 3 plugins.
Preloading 0 native plugins for Editor in 0.00 ms.
Unloading 2947 Unused Serialized files (Serialized files now loaded: 0)
System memory in use before: 110.8 MB.
System memory in use after: 111.0 MB.

Unloading 15 unused Assets to reduce memory usage. Loaded Objects now: 3470.
Total: 3.512300 ms (FindLiveObjects: 0.240900 ms CreateObjectMapping: 0.261800 ms MarkObjects: 2.989200 ms  DeleteObjects: 0.019100 ms)

AssetImportParameters requested are different than current active one (requested -> active):
  custom:framework-win-MediaFoundation: 216162199b28c13a410421893ffa2e32 -> 
  custom:video-decoder-ogg-theora: a1e56fd34408186e4bbccfd4996cb3dc -> 
  custom:container-muxer-webm: aa71ff27fc2769a1b78a27578f13a17b -> 
  custom:container-demuxer-webm: 4f35f7cbe854078d1ac9338744f61a02 -> 
  custom:container-demuxer-ogg: 62fdf1f143b41e24485cea50d1cbac27 -> 
  custom:video-encoder-webm-vp8: eb34c28f22e8b96e1ab97ce403110664 -> 
  custom:video-decoder-webm-vp8: 9c59270c3fd7afecdb556c50c9e8de78 -> 
  custom:audio-decoder-ogg-vorbis: bf7c407c2cedff20999df2af8eb42d56 -> 
  custom:audio-encoder-webm-vorbis: bf7c407c2cedff20999df2af8eb42d56 -> 
========================================================================
Received Prepare
Registering precompiled user dll's ...
Registered in 0.004637 seconds.
Begin MonoManager ReloadAssembly
Symbol file LoadedFromMemory doesn't match image D:\Github\Ex4_IA\Ex4\Library\PackageCache\com.unity.visualscripting@1.6.1\Editor\VisualScripting.Core\Dependencies\YamlDotNet\Unity.VisualScripting.YamlDotNet.dll
Symbol file LoadedFromMemory doesn't match image D:\Github\Ex4_IA\Ex4\Library\PackageCache\com.unity.visualscripting@1.6.1\Editor\VisualScripting.Core\Dependencies\DotNetZip\Unity.VisualScripting.IonicZip.dll
Native extension for WindowsStandalone target not found
Refreshing native plugins compatible for Editor in 0.63 ms, found 3 plugins.
Preloading 0 native plugins for Editor in 0.00 ms.
Mono: successfully reloaded assembly
- Completed reload, in  0.880 seconds
Domain Reload Profiling:
	ReloadAssembly (881ms)
		BeginReloadAssembly (117ms)
			ExecutionOrderSort (0ms)
			DisableScriptedObjects (5ms)
			BackupInstance (0ms)
			ReleaseScriptingObjects (0ms)
			CreateAndSetChildDomain (31ms)
		EndReloadAssembly (718ms)
			LoadAssemblies (101ms)
			RebuildTransferFunctionScriptingTraits (0ms)
			SetupTypeCache (289ms)
			ReleaseScriptCaches (1ms)
			RebuildScriptCaches (34ms)
			SetupLoadedEditorAssemblies (231ms)
				LogAssemblyErrors (0ms)
				InitializePlatformSupportModulesInManaged (5ms)
				SetLoadedEditorAssemblies (0ms)
				RefreshPlugins (1ms)
				BeforeProcessingInitializeOnLoad (40ms)
				ProcessInitializeOnLoadAttributes (179ms)
				ProcessInitializeOnLoadMethodAttributes (4ms)
				AfterProcessingInitializeOnLoad (2ms)
				EditorAssembliesLoaded (0ms)
			ExecutionOrderSort2 (0ms)
			AwakeInstancesAfterBackupRestoration (11ms)
Platform modules already initialized, skipping
Refreshing native plugins compatible for Editor in 0.58 ms, found 3 plugins.
Preloading 0 native plugins for Editor in 0.00 ms.
Unloading 2945 Unused Serialized files (Serialized files now loaded: 0)
System memory in use before: 110.7 MB.
System memory in use after: 111.0 MB.

Unloading 15 unused Assets to reduce memory usage. Loaded Objects now: 3472.
Total: 3.707500 ms (FindLiveObjects: 0.355100 ms CreateObjectMapping: 0.197500 ms MarkObjects: 3.112600 ms  DeleteObjects: 0.039900 ms)

AssetImportParameters requested are different than current active one (requested -> active):
  custom:framework-win-MediaFoundation: 216162199b28c13a410421893ffa2e32 -> 
  custom:video-decoder-ogg-theora: a1e56fd34408186e4bbccfd4996cb3dc -> 
  custom:container-muxer-webm: aa71ff27fc2769a1b78a27578f13a17b -> 
  custom:container-demuxer-webm: 4f35f7cbe854078d1ac9338744f61a02 -> 
  custom:container-demuxer-ogg: 62fdf1f143b41e24485cea50d1cbac27 -> 
  custom:video-encoder-webm-vp8: eb34c28f22e8b96e1ab97ce403110664 -> 
  custom:video-decoder-webm-vp8: 9c59270c3fd7afecdb556c50c9e8de78 -> 
  custom:audio-decoder-ogg-vorbis: bf7c407c2cedff20999df2af8eb42d56 -> 
  custom:audio-encoder-webm-vorbis: bf7c407c2cedff20999df2af8eb42d56 -> 
